{"C:\\Users\\DELL\\Desktop\\Trendyol-Bootcamp-One-Suit-Solitaire-Game-With-React\\src\\components\\CommonErrorAlertComponent.js": {"path":"C:\\Users\\DELL\\Desktop\\Trendyol-Bootcamp-One-Suit-Solitaire-Game-With-React\\src\\components\\CommonErrorAlertComponent.js","statementMap":{"0":{"start":{"line":8,"column":4},"end":{"line":8,"column":66}},"1":{"start":{"line":11,"column":18},"end":{"line":15,"column":3}},"2":{"start":{"line":11,"column":41},"end":{"line":15,"column":1}},"3":{"start":{"line":18,"column":20},"end":{"line":18,"column":31}},"4":{"start":{"line":19,"column":41},"end":{"line":19,"column":71}},"5":{"start":{"line":21,"column":24},"end":{"line":27,"column":5}},"6":{"start":{"line":22,"column":8},"end":{"line":24,"column":9}},"7":{"start":{"line":23,"column":12},"end":{"line":23,"column":19}},"8":{"start":{"line":25,"column":22},"end":{"line":25,"column":50}},"9":{"start":{"line":26,"column":8},"end":{"line":26,"column":27}},"10":{"start":{"line":29,"column":4},"end":{"line":35,"column":6}}},"fnMap":{"0":{"name":"Alert","decl":{"start":{"line":7,"column":9},"end":{"line":7,"column":14}},"loc":{"start":{"line":7,"column":22},"end":{"line":9,"column":1}},"line":7},"1":{"name":"(anonymous_1)","decl":{"start":{"line":11,"column":29},"end":{"line":11,"column":30}},"loc":{"start":{"line":11,"column":41},"end":{"line":15,"column":1}},"line":11},"2":{"name":"CommonErrorAlertComponent","decl":{"start":{"line":17,"column":24},"end":{"line":17,"column":49}},"loc":{"start":{"line":17,"column":53},"end":{"line":36,"column":1}},"line":17},"3":{"name":"(anonymous_3)","decl":{"start":{"line":21,"column":24},"end":{"line":21,"column":25}},"loc":{"start":{"line":21,"column":36},"end":{"line":27,"column":5}},"line":21}},"branchMap":{"0":{"loc":{"start":{"line":22,"column":8},"end":{"line":24,"column":9}},"type":"if","locations":[{"start":{"line":22,"column":8},"end":{"line":24,"column":9}},{"start":{"line":22,"column":8},"end":{"line":24,"column":9}}],"line":22}},"s":{"0":6,"1":1,"2":3,"3":3,"4":3,"5":3,"6":0,"7":0,"8":0,"9":0,"10":3},"f":{"0":6,"1":3,"2":3,"3":0},"b":{"0":[0,0]},"_coverageSchema":"1a1c01bbd47fc00a2c39e90264f33305004495a9","hash":"9daa5709dea19ef1aac9248b863ef2a9dd4d9df9"}
,"C:\\Users\\DELL\\Desktop\\Trendyol-Bootcamp-One-Suit-Solitaire-Game-With-React\\src\\components\\RestartGameButton.js": {"path":"C:\\Users\\DELL\\Desktop\\Trendyol-Bootcamp-One-Suit-Solitaire-Game-With-React\\src\\components\\RestartGameButton.js","statementMap":{"0":{"start":{"line":8,"column":26},"end":{"line":18,"column":1}},"1":{"start":{"line":9,"column":28},"end":{"line":9,"column":51}},"2":{"start":{"line":11,"column":4},"end":{"line":17,"column":6}},"3":{"start":{"line":13,"column":94},"end":{"line":13,"column":107}}},"fnMap":{"0":{"name":"(anonymous_0)","decl":{"start":{"line":8,"column":26},"end":{"line":8,"column":27}},"loc":{"start":{"line":8,"column":32},"end":{"line":18,"column":1}},"line":8},"1":{"name":"(anonymous_1)","decl":{"start":{"line":13,"column":88},"end":{"line":13,"column":89}},"loc":{"start":{"line":13,"column":94},"end":{"line":13,"column":107}},"line":13}},"branchMap":{},"s":{"0":1,"1":4,"2":4,"3":1},"f":{"0":4,"1":1},"b":{},"_coverageSchema":"1a1c01bbd47fc00a2c39e90264f33305004495a9","hash":"fba55d37a4cde69fa41fe63868b8793c88fd3360"}
,"C:\\Users\\DELL\\Desktop\\Trendyol-Bootcamp-One-Suit-Solitaire-Game-With-React\\src\\components\\Rules.js": {"path":"C:\\Users\\DELL\\Desktop\\Trendyol-Bootcamp-One-Suit-Solitaire-Game-With-React\\src\\components\\Rules.js","statementMap":{"0":{"start":{"line":9,"column":18},"end":{"line":9,"column":29}},"1":{"start":{"line":12,"column":22},"end":{"line":14,"column":3}},"2":{"start":{"line":13,"column":4},"end":{"line":13,"column":19}},"3":{"start":{"line":16,"column":2},"end":{"line":81,"column":4}}},"fnMap":{"0":{"name":"Rules","decl":{"start":{"line":8,"column":24},"end":{"line":8,"column":29}},"loc":{"start":{"line":8,"column":46},"end":{"line":82,"column":1}},"line":8},"1":{"name":"(anonymous_1)","decl":{"start":{"line":12,"column":22},"end":{"line":12,"column":23}},"loc":{"start":{"line":12,"column":28},"end":{"line":14,"column":3}},"line":12}},"branchMap":{},"s":{"0":2,"1":2,"2":0,"3":2},"f":{"0":2,"1":0},"b":{},"_coverageSchema":"1a1c01bbd47fc00a2c39e90264f33305004495a9","hash":"04565aff703aca7d59a7604ba5b76bbf7cf4d7b3"}
,"C:\\Users\\DELL\\Desktop\\Trendyol-Bootcamp-One-Suit-Solitaire-Game-With-React\\src\\components\\ScoreBoard.js": {"path":"C:\\Users\\DELL\\Desktop\\Trendyol-Bootcamp-One-Suit-Solitaire-Game-With-React\\src\\components\\ScoreBoard.js","statementMap":{"0":{"start":{"line":5,"column":19},"end":{"line":17,"column":3}},"1":{"start":{"line":6,"column":19},"end":{"line":6,"column":43}},"2":{"start":{"line":8,"column":2},"end":{"line":16,"column":4}}},"fnMap":{"0":{"name":"(anonymous_0)","decl":{"start":{"line":5,"column":19},"end":{"line":5,"column":20}},"loc":{"start":{"line":5,"column":25},"end":{"line":17,"column":3}},"line":5}},"branchMap":{},"s":{"0":1,"1":3,"2":3},"f":{"0":3},"b":{},"_coverageSchema":"1a1c01bbd47fc00a2c39e90264f33305004495a9","hash":"e64e083689e514641ae21d0785cd434d84a85c71"}
,"C:\\Users\\DELL\\Desktop\\Trendyol-Bootcamp-One-Suit-Solitaire-Game-With-React\\src\\components\\UndoMoveButton.js": {"path":"C:\\Users\\DELL\\Desktop\\Trendyol-Bootcamp-One-Suit-Solitaire-Game-With-React\\src\\components\\UndoMoveButton.js","statementMap":{"0":{"start":{"line":10,"column":25},"end":{"line":32,"column":3}},"1":{"start":{"line":11,"column":25},"end":{"line":11,"column":48}},"2":{"start":{"line":12,"column":26},"end":{"line":12,"column":58}},"3":{"start":{"line":14,"column":20},"end":{"line":14,"column":31}},"4":{"start":{"line":15,"column":4},"end":{"line":31,"column":6}},"5":{"start":{"line":25,"column":29},"end":{"line":25,"column":39}}},"fnMap":{"0":{"name":"(anonymous_0)","decl":{"start":{"line":10,"column":25},"end":{"line":10,"column":26}},"loc":{"start":{"line":10,"column":31},"end":{"line":32,"column":3}},"line":10},"1":{"name":"(anonymous_1)","decl":{"start":{"line":25,"column":23},"end":{"line":25,"column":24}},"loc":{"start":{"line":25,"column":29},"end":{"line":25,"column":39}},"line":25}},"branchMap":{},"s":{"0":1,"1":5,"2":5,"3":5,"4":5,"5":0},"f":{"0":5,"1":0},"b":{},"_coverageSchema":"1a1c01bbd47fc00a2c39e90264f33305004495a9","hash":"c9562bd98e6c0392deeedb3426c4c03c64bc6af5"}
,"C:\\Users\\DELL\\Desktop\\Trendyol-Bootcamp-One-Suit-Solitaire-Game-With-React\\src\\context\\CommonErrorContext.js": {"path":"C:\\Users\\DELL\\Desktop\\Trendyol-Bootcamp-One-Suit-Solitaire-Game-With-React\\src\\context\\CommonErrorContext.js","statementMap":{"0":{"start":{"line":3,"column":34},"end":{"line":3,"column":49}},"1":{"start":{"line":5,"column":42},"end":{"line":23,"column":1}},"2":{"start":{"line":7,"column":42},"end":{"line":7,"column":80}},"3":{"start":{"line":9,"column":24},"end":{"line":12,"column":5}},"4":{"start":{"line":10,"column":25},"end":{"line":10,"column":69}},"5":{"start":{"line":11,"column":8},"end":{"line":11,"column":33}},"6":{"start":{"line":13,"column":4},"end":{"line":22,"column":6}}},"fnMap":{"0":{"name":"(anonymous_0)","decl":{"start":{"line":5,"column":42},"end":{"line":5,"column":43}},"loc":{"start":{"line":5,"column":60},"end":{"line":23,"column":1}},"line":5},"1":{"name":"(anonymous_1)","decl":{"start":{"line":9,"column":24},"end":{"line":9,"column":25}},"loc":{"start":{"line":9,"column":35},"end":{"line":12,"column":5}},"line":9}},"branchMap":{},"s":{"0":1,"1":1,"2":0,"3":0,"4":0,"5":0,"6":0},"f":{"0":0,"1":0},"b":{},"_coverageSchema":"1a1c01bbd47fc00a2c39e90264f33305004495a9","hash":"bae03ebbd2da4d67705d8f213a02431751ee9d4b"}
,"C:\\Users\\DELL\\Desktop\\Trendyol-Bootcamp-One-Suit-Solitaire-Game-With-React\\src\\context\\CompletedSetsContext.js": {"path":"C:\\Users\\DELL\\Desktop\\Trendyol-Bootcamp-One-Suit-Solitaire-Game-With-React\\src\\context\\CompletedSetsContext.js","statementMap":{"0":{"start":{"line":3,"column":36},"end":{"line":3,"column":51}},"1":{"start":{"line":5,"column":44},"end":{"line":24,"column":1}},"2":{"start":{"line":7,"column":56},"end":{"line":7,"column":67}},"3":{"start":{"line":8,"column":22},"end":{"line":8,"column":23}},"4":{"start":{"line":10,"column":37},"end":{"line":12,"column":5}},"5":{"start":{"line":11,"column":8},"end":{"line":11,"column":64}},"6":{"start":{"line":13,"column":4},"end":{"line":23,"column":6}}},"fnMap":{"0":{"name":"(anonymous_0)","decl":{"start":{"line":5,"column":44},"end":{"line":5,"column":45}},"loc":{"start":{"line":5,"column":62},"end":{"line":24,"column":1}},"line":5},"1":{"name":"(anonymous_1)","decl":{"start":{"line":10,"column":37},"end":{"line":10,"column":38}},"loc":{"start":{"line":10,"column":43},"end":{"line":12,"column":5}},"line":10}},"branchMap":{},"s":{"0":2,"1":2,"2":0,"3":0,"4":0,"5":0,"6":0},"f":{"0":0,"1":0},"b":{},"_coverageSchema":"1a1c01bbd47fc00a2c39e90264f33305004495a9","hash":"2acbf9d6c1acc715c2d0240cafc9fce5c2094ba0"}
,"C:\\Users\\DELL\\Desktop\\Trendyol-Bootcamp-One-Suit-Solitaire-Game-With-React\\src\\context\\GameContext.js": {"path":"C:\\Users\\DELL\\Desktop\\Trendyol-Bootcamp-One-Suit-Solitaire-Game-With-React\\src\\context\\GameContext.js","statementMap":{"0":{"start":{"line":12,"column":27},"end":{"line":12,"column":42}},"1":{"start":{"line":14,"column":25},"end":{"line":14,"column":27}},"2":{"start":{"line":15,"column":26},"end":{"line":15,"column":29}},"3":{"start":{"line":16,"column":23},"end":{"line":16,"column":24}},"4":{"start":{"line":17,"column":27},"end":{"line":17,"column":28}},"5":{"start":{"line":18,"column":24},"end":{"line":18,"column":25}},"6":{"start":{"line":19,"column":28},"end":{"line":19,"column":29}},"7":{"start":{"line":20,"column":17},"end":{"line":20,"column":18}},"8":{"start":{"line":21,"column":24},"end":{"line":21,"column":26}},"9":{"start":{"line":22,"column":24},"end":{"line":22,"column":26}},"10":{"start":{"line":23,"column":27},"end":{"line":23,"column":30}},"11":{"start":{"line":25,"column":19},"end":{"line":25,"column":64}},"12":{"start":{"line":26,"column":20},"end":{"line":26,"column":67}},"13":{"start":{"line":27,"column":18},"end":{"line":27,"column":107}},"14":{"start":{"line":28,"column":0},"end":{"line":28,"column":16}},"15":{"start":{"line":30,"column":35},"end":{"line":201,"column":1}},"16":{"start":{"line":32,"column":40},"end":{"line":32,"column":52}},"17":{"start":{"line":33,"column":40},"end":{"line":33,"column":52}},"18":{"start":{"line":35,"column":83},"end":{"line":35,"column":115}},"19":{"start":{"line":36,"column":37},"end":{"line":36,"column":61}},"20":{"start":{"line":37,"column":48},"end":{"line":37,"column":80}},"21":{"start":{"line":38,"column":27},"end":{"line":38,"column":58}},"22":{"start":{"line":39,"column":44},"end":{"line":39,"column":68}},"23":{"start":{"line":41,"column":4},"end":{"line":44,"column":24}},"24":{"start":{"line":42,"column":8},"end":{"line":42,"column":44}},"25":{"start":{"line":43,"column":8},"end":{"line":43,"column":44}},"26":{"start":{"line":46,"column":24},"end":{"line":53,"column":5}},"27":{"start":{"line":47,"column":8},"end":{"line":47,"column":36}},"28":{"start":{"line":48,"column":8},"end":{"line":48,"column":24}},"29":{"start":{"line":49,"column":8},"end":{"line":49,"column":22}},"30":{"start":{"line":50,"column":8},"end":{"line":50,"column":23}},"31":{"start":{"line":51,"column":8},"end":{"line":51,"column":19}},"32":{"start":{"line":52,"column":8},"end":{"line":52,"column":32}},"33":{"start":{"line":55,"column":21},"end":{"line":66,"column":5}},"34":{"start":{"line":57,"column":8},"end":{"line":65,"column":9}},"35":{"start":{"line":60,"column":12},"end":{"line":60,"column":42}},"36":{"start":{"line":62,"column":12},"end":{"line":62,"column":44}},"37":{"start":{"line":64,"column":12},"end":{"line":64,"column":34}},"38":{"start":{"line":68,"column":33},"end":{"line":75,"column":5}},"39":{"start":{"line":69,"column":8},"end":{"line":74,"column":9}},"40":{"start":{"line":71,"column":12},"end":{"line":71,"column":44}},"41":{"start":{"line":72,"column":12},"end":{"line":72,"column":26}},"42":{"start":{"line":73,"column":12},"end":{"line":73,"column":24}},"43":{"start":{"line":76,"column":43},"end":{"line":84,"column":5}},"44":{"start":{"line":78,"column":8},"end":{"line":83,"column":9}},"45":{"start":{"line":80,"column":12},"end":{"line":80,"column":43}},"46":{"start":{"line":82,"column":12},"end":{"line":82,"column":39}},"47":{"start":{"line":86,"column":36},"end":{"line":121,"column":5}},"48":{"start":{"line":87,"column":26},"end":{"line":87,"column":28}},"49":{"start":{"line":88,"column":29},"end":{"line":88,"column":44}},"50":{"start":{"line":89,"column":33},"end":{"line":89,"column":69}},"51":{"start":{"line":92,"column":8},"end":{"line":120,"column":9}},"52":{"start":{"line":95,"column":36},"end":{"line":95,"column":71}},"53":{"start":{"line":96,"column":38},"end":{"line":96,"column":73}},"54":{"start":{"line":97,"column":12},"end":{"line":97,"column":75}},"55":{"start":{"line":99,"column":12},"end":{"line":101,"column":13}},"56":{"start":{"line":99,"column":25},"end":{"line":99,"column":40}},"57":{"start":{"line":100,"column":16},"end":{"line":100,"column":66}},"58":{"start":{"line":102,"column":12},"end":{"line":102,"column":65}},"59":{"start":{"line":105,"column":12},"end":{"line":105,"column":87}},"60":{"start":{"line":108,"column":12},"end":{"line":110,"column":13}},"61":{"start":{"line":109,"column":16},"end":{"line":109,"column":85}},"62":{"start":{"line":112,"column":12},"end":{"line":112,"column":40}},"63":{"start":{"line":114,"column":12},"end":{"line":114,"column":24}},"64":{"start":{"line":118,"column":12},"end":{"line":118,"column":25}},"65":{"start":{"line":123,"column":25},"end":{"line":162,"column":5}},"66":{"start":{"line":124,"column":22},"end":{"line":124,"column":23}},"67":{"start":{"line":125,"column":29},"end":{"line":125,"column":44}},"68":{"start":{"line":126,"column":8},"end":{"line":160,"column":9}},"69":{"start":{"line":126,"column":21},"end":{"line":126,"column":22}},"70":{"start":{"line":127,"column":12},"end":{"line":159,"column":13}},"71":{"start":{"line":127,"column":25},"end":{"line":127,"column":26}},"72":{"start":{"line":129,"column":16},"end":{"line":158,"column":17}},"73":{"start":{"line":130,"column":32},"end":{"line":130,"column":33}},"74":{"start":{"line":131,"column":20},"end":{"line":142,"column":21}},"75":{"start":{"line":132,"column":24},"end":{"line":141,"column":25}},"76":{"start":{"line":136,"column":28},"end":{"line":136,"column":38}},"77":{"start":{"line":137,"column":28},"end":{"line":137,"column":36}},"78":{"start":{"line":139,"column":28},"end":{"line":139,"column":40}},"79":{"start":{"line":140,"column":28},"end":{"line":140,"column":34}},"80":{"start":{"line":144,"column":20},"end":{"line":157,"column":21}},"81":{"start":{"line":145,"column":24},"end":{"line":145,"column":54}},"82":{"start":{"line":146,"column":39},"end":{"line":146,"column":61}},"83":{"start":{"line":148,"column":24},"end":{"line":150,"column":25}},"84":{"start":{"line":149,"column":28},"end":{"line":149,"column":73}},"85":{"start":{"line":151,"column":24},"end":{"line":151,"column":52}},"86":{"start":{"line":153,"column":24},"end":{"line":153,"column":36}},"87":{"start":{"line":156,"column":24},"end":{"line":156,"column":36}},"88":{"start":{"line":161,"column":8},"end":{"line":161,"column":21}},"89":{"start":{"line":165,"column":21},"end":{"line":181,"column":5}},"90":{"start":{"line":167,"column":29},"end":{"line":167,"column":43}},"91":{"start":{"line":168,"column":8},"end":{"line":180,"column":9}},"92":{"start":{"line":169,"column":29},"end":{"line":169,"column":47}},"93":{"start":{"line":171,"column":12},"end":{"line":171,"column":37}},"94":{"start":{"line":172,"column":30},"end":{"line":172,"column":45}},"95":{"start":{"line":173,"column":12},"end":{"line":175,"column":13}},"96":{"start":{"line":174,"column":16},"end":{"line":174,"column":117}},"97":{"start":{"line":176,"column":12},"end":{"line":178,"column":13}},"98":{"start":{"line":176,"column":25},"end":{"line":176,"column":26}},"99":{"start":{"line":177,"column":16},"end":{"line":177,"column":100}},"100":{"start":{"line":179,"column":12},"end":{"line":179,"column":36}},"101":{"start":{"line":183,"column":4},"end":{"line":199,"column":6}}},"fnMap":{"0":{"name":"(anonymous_0)","decl":{"start":{"line":30,"column":35},"end":{"line":30,"column":36}},"loc":{"start":{"line":30,"column":53},"end":{"line":201,"column":1}},"line":30},"1":{"name":"(anonymous_1)","decl":{"start":{"line":41,"column":14},"end":{"line":41,"column":15}},"loc":{"start":{"line":41,"column":20},"end":{"line":44,"column":5}},"line":41},"2":{"name":"(anonymous_2)","decl":{"start":{"line":46,"column":24},"end":{"line":46,"column":25}},"loc":{"start":{"line":46,"column":30},"end":{"line":53,"column":5}},"line":46},"3":{"name":"(anonymous_3)","decl":{"start":{"line":55,"column":21},"end":{"line":55,"column":22}},"loc":{"start":{"line":55,"column":79},"end":{"line":66,"column":5}},"line":55},"4":{"name":"(anonymous_4)","decl":{"start":{"line":68,"column":33},"end":{"line":68,"column":34}},"loc":{"start":{"line":68,"column":39},"end":{"line":75,"column":5}},"line":68},"5":{"name":"(anonymous_5)","decl":{"start":{"line":76,"column":43},"end":{"line":76,"column":44}},"loc":{"start":{"line":76,"column":49},"end":{"line":84,"column":5}},"line":76},"6":{"name":"(anonymous_6)","decl":{"start":{"line":86,"column":36},"end":{"line":86,"column":37}},"loc":{"start":{"line":86,"column":94},"end":{"line":121,"column":5}},"line":86},"7":{"name":"(anonymous_7)","decl":{"start":{"line":123,"column":25},"end":{"line":123,"column":26}},"loc":{"start":{"line":123,"column":31},"end":{"line":162,"column":5}},"line":123},"8":{"name":"(anonymous_8)","decl":{"start":{"line":165,"column":21},"end":{"line":165,"column":22}},"loc":{"start":{"line":165,"column":27},"end":{"line":181,"column":5}},"line":165}},"branchMap":{"0":{"loc":{"start":{"line":57,"column":8},"end":{"line":65,"column":9}},"type":"if","locations":[{"start":{"line":57,"column":8},"end":{"line":65,"column":9}},{"start":{"line":57,"column":8},"end":{"line":65,"column":9}}],"line":57},"1":{"loc":{"start":{"line":69,"column":8},"end":{"line":74,"column":9}},"type":"if","locations":[{"start":{"line":69,"column":8},"end":{"line":74,"column":9}},{"start":{"line":69,"column":8},"end":{"line":74,"column":9}}],"line":69},"2":{"loc":{"start":{"line":78,"column":8},"end":{"line":83,"column":9}},"type":"if","locations":[{"start":{"line":78,"column":8},"end":{"line":83,"column":9}},{"start":{"line":78,"column":8},"end":{"line":83,"column":9}}],"line":78},"3":{"loc":{"start":{"line":92,"column":8},"end":{"line":120,"column":9}},"type":"if","locations":[{"start":{"line":92,"column":8},"end":{"line":120,"column":9}},{"start":{"line":92,"column":8},"end":{"line":120,"column":9}}],"line":92},"4":{"loc":{"start":{"line":92,"column":12},"end":{"line":92,"column":161}},"type":"binary-expr","locations":[{"start":{"line":92,"column":12},"end":{"line":92,"column":36}},{"start":{"line":92,"column":41},"end":{"line":92,"column":160}}],"line":92},"5":{"loc":{"start":{"line":108,"column":12},"end":{"line":110,"column":13}},"type":"if","locations":[{"start":{"line":108,"column":12},"end":{"line":110,"column":13}},{"start":{"line":108,"column":12},"end":{"line":110,"column":13}}],"line":108},"6":{"loc":{"start":{"line":129,"column":16},"end":{"line":158,"column":17}},"type":"if","locations":[{"start":{"line":129,"column":16},"end":{"line":158,"column":17}},{"start":{"line":129,"column":16},"end":{"line":158,"column":17}}],"line":129},"7":{"loc":{"start":{"line":132,"column":24},"end":{"line":141,"column":25}},"type":"if","locations":[{"start":{"line":132,"column":24},"end":{"line":141,"column":25}},{"start":{"line":132,"column":24},"end":{"line":141,"column":25}}],"line":132},"8":{"loc":{"start":{"line":144,"column":20},"end":{"line":157,"column":21}},"type":"if","locations":[{"start":{"line":144,"column":20},"end":{"line":157,"column":21}},{"start":{"line":144,"column":20},"end":{"line":157,"column":21}}],"line":144},"9":{"loc":{"start":{"line":144,"column":24},"end":{"line":144,"column":78}},"type":"binary-expr","locations":[{"start":{"line":144,"column":24},"end":{"line":144,"column":38}},{"start":{"line":144,"column":42},"end":{"line":144,"column":78}}],"line":144},"10":{"loc":{"start":{"line":148,"column":24},"end":{"line":150,"column":25}},"type":"if","locations":[{"start":{"line":148,"column":24},"end":{"line":150,"column":25}},{"start":{"line":148,"column":24},"end":{"line":150,"column":25}}],"line":148},"11":{"loc":{"start":{"line":168,"column":8},"end":{"line":180,"column":9}},"type":"if","locations":[{"start":{"line":168,"column":8},"end":{"line":180,"column":9}},{"start":{"line":168,"column":8},"end":{"line":180,"column":9}}],"line":168},"12":{"loc":{"start":{"line":173,"column":12},"end":{"line":175,"column":13}},"type":"if","locations":[{"start":{"line":173,"column":12},"end":{"line":175,"column":13}},{"start":{"line":173,"column":12},"end":{"line":175,"column":13}}],"line":173}},"s":{"0":2,"1":2,"2":2,"3":2,"4":2,"5":2,"6":2,"7":2,"8":2,"9":2,"10":2,"11":2,"12":2,"13":2,"14":2,"15":2,"16":0,"17":0,"18":0,"19":0,"20":0,"21":0,"22":0,"23":0,"24":0,"25":0,"26":0,"27":0,"28":0,"29":0,"30":0,"31":0,"32":0,"33":0,"34":0,"35":0,"36":0,"37":0,"38":0,"39":0,"40":0,"41":0,"42":0,"43":0,"44":0,"45":0,"46":0,"47":0,"48":0,"49":0,"50":0,"51":0,"52":0,"53":0,"54":0,"55":0,"56":0,"57":0,"58":0,"59":0,"60":0,"61":0,"62":0,"63":0,"64":0,"65":0,"66":0,"67":0,"68":0,"69":0,"70":0,"71":0,"72":0,"73":0,"74":0,"75":0,"76":0,"77":0,"78":0,"79":0,"80":0,"81":0,"82":0,"83":0,"84":0,"85":0,"86":0,"87":0,"88":0,"89":0,"90":0,"91":0,"92":0,"93":0,"94":0,"95":0,"96":0,"97":0,"98":0,"99":0,"100":0,"101":0},"f":{"0":0,"1":0,"2":0,"3":0,"4":0,"5":0,"6":0,"7":0,"8":0},"b":{"0":[0,0],"1":[0,0],"2":[0,0],"3":[0,0],"4":[0,0],"5":[0,0],"6":[0,0],"7":[0,0],"8":[0,0],"9":[0,0],"10":[0,0],"11":[0,0],"12":[0,0]},"_coverageSchema":"1a1c01bbd47fc00a2c39e90264f33305004495a9","hash":"ce00c586dfc665e72f69ff8e7fff3dc09aca0649"}
,"C:\\Users\\DELL\\Desktop\\Trendyol-Bootcamp-One-Suit-Solitaire-Game-With-React\\src\\context\\GameFinishedContext.js": {"path":"C:\\Users\\DELL\\Desktop\\Trendyol-Bootcamp-One-Suit-Solitaire-Game-With-React\\src\\context\\GameFinishedContext.js","statementMap":{"0":{"start":{"line":3,"column":35},"end":{"line":3,"column":50}},"1":{"start":{"line":5,"column":43},"end":{"line":28,"column":1}},"2":{"start":{"line":7,"column":28},"end":{"line":7,"column":43}},"3":{"start":{"line":9,"column":23},"end":{"line":11,"column":5}},"4":{"start":{"line":10,"column":8},"end":{"line":10,"column":22}},"5":{"start":{"line":13,"column":24},"end":{"line":15,"column":5}},"6":{"start":{"line":14,"column":8},"end":{"line":14,"column":23}},"7":{"start":{"line":17,"column":4},"end":{"line":27,"column":6}}},"fnMap":{"0":{"name":"(anonymous_0)","decl":{"start":{"line":5,"column":43},"end":{"line":5,"column":44}},"loc":{"start":{"line":5,"column":61},"end":{"line":28,"column":1}},"line":5},"1":{"name":"(anonymous_1)","decl":{"start":{"line":9,"column":23},"end":{"line":9,"column":24}},"loc":{"start":{"line":9,"column":29},"end":{"line":11,"column":5}},"line":9},"2":{"name":"(anonymous_2)","decl":{"start":{"line":13,"column":24},"end":{"line":13,"column":25}},"loc":{"start":{"line":13,"column":30},"end":{"line":15,"column":5}},"line":13}},"branchMap":{},"s":{"0":2,"1":2,"2":0,"3":0,"4":0,"5":0,"6":0,"7":0},"f":{"0":0,"1":0,"2":0},"b":{},"_coverageSchema":"1a1c01bbd47fc00a2c39e90264f33305004495a9","hash":"592d78a12a5bc154406e356895e153790bfba200"}
,"C:\\Users\\DELL\\Desktop\\Trendyol-Bootcamp-One-Suit-Solitaire-Game-With-React\\src\\context\\PreviousMovesContext.js": {"path":"C:\\Users\\DELL\\Desktop\\Trendyol-Bootcamp-One-Suit-Solitaire-Game-With-React\\src\\context\\PreviousMovesContext.js","statementMap":{"0":{"start":{"line":3,"column":36},"end":{"line":3,"column":51}},"1":{"start":{"line":5,"column":44},"end":{"line":28,"column":1}},"2":{"start":{"line":7,"column":37},"end":{"line":7,"column":49}},"3":{"start":{"line":9,"column":20},"end":{"line":14,"column":5}},"4":{"start":{"line":10,"column":29},"end":{"line":10,"column":43}},"5":{"start":{"line":11,"column":21},"end":{"line":11,"column":131}},"6":{"start":{"line":12,"column":8},"end":{"line":12,"column":31}},"7":{"start":{"line":13,"column":8},"end":{"line":13,"column":33}},"8":{"start":{"line":17,"column":4},"end":{"line":27,"column":6}}},"fnMap":{"0":{"name":"(anonymous_0)","decl":{"start":{"line":5,"column":44},"end":{"line":5,"column":45}},"loc":{"start":{"line":5,"column":62},"end":{"line":28,"column":1}},"line":5},"1":{"name":"(anonymous_1)","decl":{"start":{"line":9,"column":20},"end":{"line":9,"column":21}},"loc":{"start":{"line":9,"column":78},"end":{"line":14,"column":5}},"line":9}},"branchMap":{},"s":{"0":2,"1":2,"2":0,"3":0,"4":0,"5":0,"6":0,"7":0,"8":0},"f":{"0":0,"1":0},"b":{},"_coverageSchema":"1a1c01bbd47fc00a2c39e90264f33305004495a9","hash":"7d80eb12c9634e796b3c40c2ad52bc980dbfe4e1"}
,"C:\\Users\\DELL\\Desktop\\Trendyol-Bootcamp-One-Suit-Solitaire-Game-With-React\\src\\context\\ScoreContext.js": {"path":"C:\\Users\\DELL\\Desktop\\Trendyol-Bootcamp-One-Suit-Solitaire-Game-With-React\\src\\context\\ScoreContext.js","statementMap":{"0":{"start":{"line":3,"column":28},"end":{"line":3,"column":43}},"1":{"start":{"line":5,"column":36},"end":{"line":23,"column":1}},"2":{"start":{"line":7,"column":30},"end":{"line":7,"column":41}},"3":{"start":{"line":9,"column":24},"end":{"line":11,"column":5}},"4":{"start":{"line":10,"column":8},"end":{"line":10,"column":30}},"5":{"start":{"line":12,"column":4},"end":{"line":22,"column":6}}},"fnMap":{"0":{"name":"(anonymous_0)","decl":{"start":{"line":5,"column":36},"end":{"line":5,"column":37}},"loc":{"start":{"line":5,"column":54},"end":{"line":23,"column":1}},"line":5},"1":{"name":"(anonymous_1)","decl":{"start":{"line":9,"column":24},"end":{"line":9,"column":25}},"loc":{"start":{"line":9,"column":33},"end":{"line":11,"column":5}},"line":9}},"branchMap":{},"s":{"0":3,"1":3,"2":0,"3":0,"4":0,"5":0},"f":{"0":0,"1":0},"b":{},"_coverageSchema":"1a1c01bbd47fc00a2c39e90264f33305004495a9","hash":"28d6d7b85c0be3487c9aa2bbccae96d5da5d82ab"}
,"C:\\Users\\DELL\\Desktop\\Trendyol-Bootcamp-One-Suit-Solitaire-Game-With-React\\src\\context\\TimerContext.js": {"path":"C:\\Users\\DELL\\Desktop\\Trendyol-Bootcamp-One-Suit-Solitaire-Game-With-React\\src\\context\\TimerContext.js","statementMap":{"0":{"start":{"line":4,"column":28},"end":{"line":4,"column":43}},"1":{"start":{"line":6,"column":36},"end":{"line":54,"column":1}},"2":{"start":{"line":8,"column":34},"end":{"line":8,"column":45}},"3":{"start":{"line":10,"column":24},"end":{"line":10,"column":32}},"4":{"start":{"line":12,"column":4},"end":{"line":14,"column":11}},"5":{"start":{"line":13,"column":8},"end":{"line":13,"column":23}},"6":{"start":{"line":17,"column":26},"end":{"line":25,"column":5}},"7":{"start":{"line":18,"column":8},"end":{"line":18,"column":21}},"8":{"start":{"line":19,"column":25},"end":{"line":22,"column":16}},"9":{"start":{"line":21,"column":12},"end":{"line":21,"column":49}},"10":{"start":{"line":21,"column":36},"end":{"line":21,"column":47}},"11":{"start":{"line":23,"column":8},"end":{"line":23,"column":39}},"12":{"start":{"line":24,"column":8},"end":{"line":24,"column":56}},"13":{"start":{"line":24,"column":21},"end":{"line":24,"column":55}},"14":{"start":{"line":27,"column":23},"end":{"line":36,"column":5}},"15":{"start":{"line":29,"column":20},"end":{"line":29,"column":43}},"16":{"start":{"line":30,"column":22},"end":{"line":30,"column":48}},"17":{"start":{"line":31,"column":22},"end":{"line":31,"column":31}},"18":{"start":{"line":32,"column":8},"end":{"line":35,"column":23}},"19":{"start":{"line":33,"column":24},"end":{"line":33,"column":49}},"20":{"start":{"line":34,"column":30},"end":{"line":34,"column":49}},"21":{"start":{"line":38,"column":25},"end":{"line":40,"column":5}},"22":{"start":{"line":39,"column":8},"end":{"line":39,"column":43}},"23":{"start":{"line":42,"column":4},"end":{"line":53,"column":6}}},"fnMap":{"0":{"name":"(anonymous_0)","decl":{"start":{"line":6,"column":36},"end":{"line":6,"column":37}},"loc":{"start":{"line":6,"column":54},"end":{"line":54,"column":1}},"line":6},"1":{"name":"(anonymous_1)","decl":{"start":{"line":12,"column":14},"end":{"line":12,"column":15}},"loc":{"start":{"line":12,"column":20},"end":{"line":14,"column":5}},"line":12},"2":{"name":"(anonymous_2)","decl":{"start":{"line":17,"column":26},"end":{"line":17,"column":27}},"loc":{"start":{"line":17,"column":32},"end":{"line":25,"column":5}},"line":17},"3":{"name":"(anonymous_3)","decl":{"start":{"line":19,"column":37},"end":{"line":19,"column":38}},"loc":{"start":{"line":19,"column":43},"end":{"line":22,"column":9}},"line":19},"4":{"name":"(anonymous_4)","decl":{"start":{"line":21,"column":23},"end":{"line":21,"column":24}},"loc":{"start":{"line":21,"column":36},"end":{"line":21,"column":47}},"line":21},"5":{"name":"(anonymous_5)","decl":{"start":{"line":24,"column":15},"end":{"line":24,"column":16}},"loc":{"start":{"line":24,"column":21},"end":{"line":24,"column":55}},"line":24},"6":{"name":"(anonymous_6)","decl":{"start":{"line":27,"column":23},"end":{"line":27,"column":24}},"loc":{"start":{"line":27,"column":33},"end":{"line":36,"column":5}},"line":27},"7":{"name":"(anonymous_7)","decl":{"start":{"line":33,"column":17},"end":{"line":33,"column":18}},"loc":{"start":{"line":33,"column":24},"end":{"line":33,"column":49}},"line":33},"8":{"name":"(anonymous_8)","decl":{"start":{"line":34,"column":20},"end":{"line":34,"column":21}},"loc":{"start":{"line":34,"column":30},"end":{"line":34,"column":49}},"line":34},"9":{"name":"(anonymous_9)","decl":{"start":{"line":38,"column":25},"end":{"line":38,"column":26}},"loc":{"start":{"line":38,"column":31},"end":{"line":40,"column":5}},"line":38}},"branchMap":{"0":{"loc":{"start":{"line":34,"column":30},"end":{"line":34,"column":49}},"type":"binary-expr","locations":[{"start":{"line":34,"column":30},"end":{"line":34,"column":40}},{"start":{"line":34,"column":44},"end":{"line":34,"column":49}}],"line":34}},"s":{"0":2,"1":2,"2":0,"3":0,"4":0,"5":0,"6":0,"7":0,"8":0,"9":0,"10":0,"11":0,"12":0,"13":0,"14":0,"15":0,"16":0,"17":0,"18":0,"19":0,"20":0,"21":0,"22":0,"23":0},"f":{"0":0,"1":0,"2":0,"3":0,"4":0,"5":0,"6":0,"7":0,"8":0,"9":0},"b":{"0":[0,0]},"_coverageSchema":"1a1c01bbd47fc00a2c39e90264f33305004495a9","hash":"7dc5a05d11856178a2623b5c1dc0345017763654"}
,"C:\\Users\\DELL\\Desktop\\Trendyol-Bootcamp-One-Suit-Solitaire-Game-With-React\\src\\helpers\\Card.js": {"path":"C:\\Users\\DELL\\Desktop\\Trendyol-Bootcamp-One-Suit-Solitaire-Game-With-React\\src\\helpers\\Card.js","statementMap":{"0":{"start":{"line":4,"column":8},"end":{"line":4,"column":20}},"1":{"start":{"line":5,"column":8},"end":{"line":5,"column":27}},"2":{"start":{"line":6,"column":8},"end":{"line":6,"column":33}},"3":{"start":{"line":7,"column":8},"end":{"line":7,"column":30}}},"fnMap":{"0":{"name":"(anonymous_0)","decl":{"start":{"line":3,"column":4},"end":{"line":3,"column":5}},"loc":{"start":{"line":3,"column":36},"end":{"line":8,"column":5}},"line":3}},"branchMap":{},"s":{"0":238,"1":238,"2":238,"3":238},"f":{"0":238},"b":{},"_coverageSchema":"1a1c01bbd47fc00a2c39e90264f33305004495a9","hash":"eb9c97f17853ca1e56c9103f363002e8f9c101e4"}
,"C:\\Users\\DELL\\Desktop\\Trendyol-Bootcamp-One-Suit-Solitaire-Game-With-React\\src\\helpers\\CardValues.js": {"path":"C:\\Users\\DELL\\Desktop\\Trendyol-Bootcamp-One-Suit-Solitaire-Game-With-React\\src\\helpers\\CardValues.js","statementMap":{"0":{"start":{"line":1,"column":19},"end":{"line":15,"column":1}}},"fnMap":{},"branchMap":{},"s":{"0":2},"f":{},"b":{},"_coverageSchema":"1a1c01bbd47fc00a2c39e90264f33305004495a9","hash":"bce13137ba8443ecece7447a43e753058d5cd687"}
,"C:\\Users\\DELL\\Desktop\\Trendyol-Bootcamp-One-Suit-Solitaire-Game-With-React\\src\\helpers\\Chunk.js": {"path":"C:\\Users\\DELL\\Desktop\\Trendyol-Bootcamp-One-Suit-Solitaire-Game-With-React\\src\\helpers\\Chunk.js","statementMap":{"0":{"start":{"line":5,"column":8},"end":{"line":5,"column":24}},"1":{"start":{"line":6,"column":8},"end":{"line":6,"column":32}}},"fnMap":{"0":{"name":"(anonymous_0)","decl":{"start":{"line":3,"column":4},"end":{"line":3,"column":5}},"loc":{"start":{"line":3,"column":32},"end":{"line":8,"column":5}},"line":3}},"branchMap":{},"s":{"0":6,"1":6},"f":{"0":6},"b":{},"_coverageSchema":"1a1c01bbd47fc00a2c39e90264f33305004495a9","hash":"1fe193021ac49f2e5bbb6d25182d5162d17a3af6"}
,"C:\\Users\\DELL\\Desktop\\Trendyol-Bootcamp-One-Suit-Solitaire-Game-With-React\\src\\helpers\\Game.js": {"path":"C:\\Users\\DELL\\Desktop\\Trendyol-Bootcamp-One-Suit-Solitaire-Game-With-React\\src\\helpers\\Game.js","statementMap":{"0":{"start":{"line":10,"column":8},"end":{"line":10,"column":23}},"1":{"start":{"line":11,"column":8},"end":{"line":11,"column":29}},"2":{"start":{"line":12,"column":8},"end":{"line":12,"column":28}},"3":{"start":{"line":13,"column":8},"end":{"line":13,"column":40}},"4":{"start":{"line":14,"column":8},"end":{"line":14,"column":46}},"5":{"start":{"line":15,"column":8},"end":{"line":15,"column":46}},"6":{"start":{"line":16,"column":8},"end":{"line":16,"column":36}},"7":{"start":{"line":17,"column":8},"end":{"line":17,"column":32}},"8":{"start":{"line":18,"column":8},"end":{"line":18,"column":36}},"9":{"start":{"line":19,"column":8},"end":{"line":19,"column":38}},"10":{"start":{"line":24,"column":8},"end":{"line":24,"column":33}},"11":{"start":{"line":25,"column":8},"end":{"line":25,"column":30}},"12":{"start":{"line":26,"column":8},"end":{"line":26,"column":44}},"13":{"start":{"line":27,"column":8},"end":{"line":27,"column":35}},"14":{"start":{"line":28,"column":8},"end":{"line":28,"column":35}},"15":{"start":{"line":29,"column":8},"end":{"line":29,"column":32}},"16":{"start":{"line":30,"column":8},"end":{"line":30,"column":47}},"17":{"start":{"line":31,"column":8},"end":{"line":31,"column":20}},"18":{"start":{"line":36,"column":8},"end":{"line":38,"column":9}},"19":{"start":{"line":36,"column":21},"end":{"line":36,"column":22}},"20":{"start":{"line":37,"column":12},"end":{"line":37,"column":36}},"21":{"start":{"line":42,"column":29},"end":{"line":44,"column":10}},"22":{"start":{"line":43,"column":12},"end":{"line":43,"column":74}},"23":{"start":{"line":45,"column":8},"end":{"line":45,"column":41}},"24":{"start":{"line":50,"column":30},"end":{"line":50,"column":51}},"25":{"start":{"line":51,"column":8},"end":{"line":51,"column":35}},"26":{"start":{"line":57,"column":25},"end":{"line":57,"column":72}},"27":{"start":{"line":58,"column":8},"end":{"line":62,"column":9}},"28":{"start":{"line":59,"column":28},"end":{"line":59,"column":51}},"29":{"start":{"line":60,"column":12},"end":{"line":60,"column":74}},"30":{"start":{"line":60,"column":65},"end":{"line":60,"column":74}},"31":{"start":{"line":61,"column":12},"end":{"line":61,"column":56}},"32":{"start":{"line":67,"column":8},"end":{"line":68,"column":77}},"33":{"start":{"line":67,"column":21},"end":{"line":67,"column":22}},"34":{"start":{"line":68,"column":12},"end":{"line":68,"column":77}},"35":{"start":{"line":73,"column":8},"end":{"line":75,"column":10}},"36":{"start":{"line":74,"column":12},"end":{"line":74,"column":74}},"37":{"start":{"line":74,"column":49},"end":{"line":74,"column":73}},"38":{"start":{"line":80,"column":32},"end":{"line":80,"column":136}},"39":{"start":{"line":81,"column":33},"end":{"line":81,"column":135}},"40":{"start":{"line":82,"column":8},"end":{"line":82,"column":28}},"41":{"start":{"line":83,"column":8},"end":{"line":83,"column":48}},"42":{"start":{"line":84,"column":8},"end":{"line":84,"column":49}},"43":{"start":{"line":89,"column":28},"end":{"line":89,"column":80}},"44":{"start":{"line":90,"column":8},"end":{"line":93,"column":9}},"45":{"start":{"line":90,"column":21},"end":{"line":90,"column":22}},"46":{"start":{"line":91,"column":32},"end":{"line":91,"column":57}},"47":{"start":{"line":92,"column":12},"end":{"line":92,"column":65}},"48":{"start":{"line":97,"column":8},"end":{"line":97,"column":23}},"49":{"start":{"line":98,"column":8},"end":{"line":98,"column":29}},"50":{"start":{"line":99,"column":8},"end":{"line":99,"column":28}},"51":{"start":{"line":100,"column":8},"end":{"line":100,"column":40}}},"fnMap":{"0":{"name":"(anonymous_0)","decl":{"start":{"line":8,"column":4},"end":{"line":8,"column":5}},"loc":{"start":{"line":8,"column":97},"end":{"line":21,"column":5}},"line":8},"1":{"name":"(anonymous_1)","decl":{"start":{"line":23,"column":4},"end":{"line":23,"column":5}},"loc":{"start":{"line":23,"column":11},"end":{"line":33,"column":5}},"line":23},"2":{"name":"(anonymous_2)","decl":{"start":{"line":34,"column":4},"end":{"line":34,"column":5}},"loc":{"start":{"line":34,"column":25},"end":{"line":39,"column":5}},"line":34},"3":{"name":"(anonymous_3)","decl":{"start":{"line":40,"column":4},"end":{"line":40,"column":5}},"loc":{"start":{"line":40,"column":23},"end":{"line":47,"column":5}},"line":40},"4":{"name":"(anonymous_4)","decl":{"start":{"line":42,"column":49},"end":{"line":42,"column":50}},"loc":{"start":{"line":42,"column":63},"end":{"line":44,"column":9}},"line":42},"5":{"name":"(anonymous_5)","decl":{"start":{"line":48,"column":4},"end":{"line":48,"column":5}},"loc":{"start":{"line":48,"column":22},"end":{"line":53,"column":5}},"line":48},"6":{"name":"(anonymous_6)","decl":{"start":{"line":55,"column":4},"end":{"line":55,"column":5}},"loc":{"start":{"line":55,"column":35},"end":{"line":63,"column":5}},"line":55},"7":{"name":"(anonymous_7)","decl":{"start":{"line":65,"column":4},"end":{"line":65,"column":5}},"loc":{"start":{"line":65,"column":27},"end":{"line":70,"column":5}},"line":65},"8":{"name":"(anonymous_8)","decl":{"start":{"line":71,"column":4},"end":{"line":71,"column":5}},"loc":{"start":{"line":71,"column":27},"end":{"line":77,"column":5}},"line":71},"9":{"name":"(anonymous_9)","decl":{"start":{"line":73,"column":44},"end":{"line":73,"column":45}},"loc":{"start":{"line":74,"column":12},"end":{"line":74,"column":74}},"line":74},"10":{"name":"(anonymous_10)","decl":{"start":{"line":74,"column":34},"end":{"line":74,"column":35}},"loc":{"start":{"line":74,"column":49},"end":{"line":74,"column":73}},"line":74},"11":{"name":"(anonymous_11)","decl":{"start":{"line":79,"column":4},"end":{"line":79,"column":5}},"loc":{"start":{"line":79,"column":24},"end":{"line":85,"column":5}},"line":79},"12":{"name":"(anonymous_12)","decl":{"start":{"line":88,"column":4},"end":{"line":88,"column":5}},"loc":{"start":{"line":88,"column":39},"end":{"line":94,"column":5}},"line":88},"13":{"name":"(anonymous_13)","decl":{"start":{"line":96,"column":4},"end":{"line":96,"column":5}},"loc":{"start":{"line":96,"column":22},"end":{"line":101,"column":5}},"line":96}},"branchMap":{"0":{"loc":{"start":{"line":60,"column":12},"end":{"line":60,"column":74}},"type":"if","locations":[{"start":{"line":60,"column":12},"end":{"line":60,"column":74}},{"start":{"line":60,"column":12},"end":{"line":60,"column":74}}],"line":60}},"s":{"0":3,"1":3,"2":3,"3":3,"4":3,"5":3,"6":3,"7":3,"8":3,"9":3,"10":3,"11":3,"12":3,"13":3,"14":3,"15":3,"16":3,"17":3,"18":4,"19":4,"20":26,"21":26,"22":238,"23":26,"24":4,"25":4,"26":4,"27":4,"28":162,"29":162,"30":45,"31":117,"32":4,"33":4,"34":126,"35":4,"36":253,"37":8763,"38":4,"39":4,"40":4,"41":4,"42":4,"43":4,"44":4,"45":4,"46":24,"47":24,"48":4,"49":4,"50":4,"51":4},"f":{"0":3,"1":3,"2":4,"3":26,"4":238,"5":4,"6":4,"7":4,"8":4,"9":253,"10":8763,"11":4,"12":4,"13":4},"b":{"0":[45,117]},"_coverageSchema":"1a1c01bbd47fc00a2c39e90264f33305004495a9","hash":"423eef67f3ca1c4f229f59de0b019a8cf3a093dd"}
,"C:\\Users\\DELL\\Desktop\\Trendyol-Bootcamp-One-Suit-Solitaire-Game-With-React\\src\\styles\\styles.Header.js": {"path":"C:\\Users\\DELL\\Desktop\\Trendyol-Bootcamp-One-Suit-Solitaire-Game-With-React\\src\\styles\\styles.Header.js","statementMap":{"0":{"start":{"line":3,"column":25},"end":{"line":21,"column":5}},"1":{"start":{"line":3,"column":48},"end":{"line":21,"column":3}}},"fnMap":{"0":{"name":"(anonymous_0)","decl":{"start":{"line":3,"column":36},"end":{"line":3,"column":37}},"loc":{"start":{"line":3,"column":48},"end":{"line":21,"column":3}},"line":3}},"branchMap":{},"s":{"0":1,"1":5},"f":{"0":5},"b":{},"_coverageSchema":"1a1c01bbd47fc00a2c39e90264f33305004495a9","hash":"2be1115cb431e6360ca9ea3d160046e9172580f0"}
,"C:\\Users\\DELL\\Desktop\\Trendyol-Bootcamp-One-Suit-Solitaire-Game-With-React\\src\\styles\\styles.Rules.js": {"path":"C:\\Users\\DELL\\Desktop\\Trendyol-Bootcamp-One-Suit-Solitaire-Game-With-React\\src\\styles\\styles.Rules.js","statementMap":{"0":{"start":{"line":3,"column":25},"end":{"line":34,"column":5}},"1":{"start":{"line":3,"column":48},"end":{"line":34,"column":3}}},"fnMap":{"0":{"name":"(anonymous_0)","decl":{"start":{"line":3,"column":36},"end":{"line":3,"column":37}},"loc":{"start":{"line":3,"column":48},"end":{"line":34,"column":3}},"line":3}},"branchMap":{},"s":{"0":1,"1":2},"f":{"0":2},"b":{},"_coverageSchema":"1a1c01bbd47fc00a2c39e90264f33305004495a9","hash":"970637d133857a6f4a7f279fb8f5431dacc00e56"}
}
